<?xml version="1.0" encoding="UTF-8"?>
<!-- Generated by org.testng.reporters.JUnitXMLReporter -->
<testsuite ignored="0" hostname="DESKTOP-2OIL50L" failures="1" tests="1" name="Q1DataDriven" time="5.996" errors="0" timestamp="2023-12-06T12:24:52 IST">
  <testcase classname="Assignment8.Q1DataDriven" name="logintest" time="0.0">
    <failure type="java.lang.RuntimeException" message="java.lang.IllegalStateException: Cannot get a STRING value from a NUMERIC cell">
      <![CDATA[java.lang.RuntimeException: java.lang.IllegalStateException: Cannot get a STRING value from a NUMERIC cell
at java.base/java.util.ArrayList.forEach(ArrayList.java:1511)
Caused by: java.lang.IllegalStateException: Cannot get a STRING value from a NUMERIC cell
at org.apache.poi.xssf.usermodel.XSSFCell.typeMismatch(XSSFCell.java:987)
at org.apache.poi.xssf.usermodel.XSSFCell.getRichStringCellValue(XSSFCell.java:336)
at org.apache.poi.xssf.usermodel.XSSFCell.getStringCellValue(XSSFCell.java:280)
at Assignment8.Q1ExcelFileReader.getData(Q1ExcelFileReader.java:51)
at Assignment8.Q1DataDriven.data(Q1DataDriven.java:55)
... 25 more
... Removed 30 stack frames]]>
    </failure>
  </testcase> <!-- logintest -->
</testsuite> <!-- Q1DataDriven -->
